Using pre-set license

 COMMAND LINE ARGUMENTS:
/Applications/Unity/Hub/Editor/2020.3.7f1/Unity.app/Contents/MacOS/Unity
-adb2
-batchMode
-noUpm
-name
AssetImportWorker0
-projectPath
/Users/ronny/Projects/Study/Unity/Data-Persistence-Project/Data-Persistence-Project
-logFile
Logs/AssetImportWorker0.log
-srvPort
61615
Successfully changed project path to: /Users/ronny/Projects/Study/Unity/Data-Persistence-Project/Data-Persistence-Project
/Users/ronny/Projects/Study/Unity/Data-Persistence-Project/Data-Persistence-Project
Using Asset Import Pipeline V2.
Refreshing native plugins compatible for Editor in 78.09 ms, found 1 plugins.
Preloading 0 native plugins for Editor in 0.00 ms.
Initialize engine version: 2020.3.7f1 (dd97f2c94397)
[Subsystems] Discovering subsystems at path /Applications/Unity/Hub/Editor/2020.3.7f1/Unity.app/Contents/Resources/UnitySubsystems
[Subsystems] Discovering subsystems at path /Users/ronny/Projects/Study/Unity/Data-Persistence-Project/Data-Persistence-Project/Assets
GfxDevice: creating device client; threaded=0
2021-07-03 21:45:17.348 Unity[7170:6713014] Color LCD preferred device: Intel(R) Iris(TM) Graphics 550 (low power)
2021-07-03 21:45:17.348 Unity[7170:6713014] Metal devices available: 1
2021-07-03 21:45:17.348 Unity[7170:6713014] 0: Intel(R) Iris(TM) Graphics 550 (low power)
2021-07-03 21:45:17.349 Unity[7170:6713014] Using device Intel(R) Iris(TM) Graphics 550 (low power)
Initializing Metal device caps: Intel(R) Iris(TM) Graphics 550
Shader 'Universal Render Pipeline/Particles/Lit': fallback shader 'Universal Render Pipeline/Particles/SimpleLit' not found
Initialize mono
Mono path[0] = '/Applications/Unity/Hub/Editor/2020.3.7f1/Unity.app/Contents/Managed'
Mono path[1] = '/Applications/Unity/Hub/Editor/2020.3.7f1/Unity.app/Contents/MonoBleedingEdge/lib/mono/unityjit'
Mono config path = '/Applications/Unity/Hub/Editor/2020.3.7f1/Unity.app/Contents/MonoBleedingEdge/etc'
Using monoOptions --debugger-agent=transport=dt_socket,embedding=1,server=y,suspend=n,address=127.0.0.1:56170
Begin MonoManager ReloadAssembly
Registering precompiled unity dll's ...
Register platform support module: /Applications/Unity/Hub/Editor/2020.3.7f1/PlaybackEngines/WebGLSupport/UnityEditor.WebGL.Extensions.dll
Register platform support module: /Applications/Unity/Hub/Editor/2020.3.7f1/Unity.app/Contents/PlaybackEngines/MacStandaloneSupport/UnityEditor.OSXStandalone.Extensions.dll
Registered in 0.003210 seconds.
Native extension for OSXStandalone target not found
Native extension for WebGL target not found
Refreshing native plugins compatible for Editor in 49.74 ms, found 1 plugins.
Preloading 0 native plugins for Editor in 0.00 ms.
Mono: successfully reloaded assembly
- Completed reload, in  2.363 seconds
Platform modules already initialized, skipping
Registering precompiled user dll's ...
Registered in 0.003414 seconds.
Begin MonoManager ReloadAssembly
Native extension for OSXStandalone target not found
Native extension for WebGL target not found
Refreshing native plugins compatible for Editor in 74.94 ms, found 1 plugins.
Preloading 0 native plugins for Editor in 0.00 ms.
Mono: successfully reloaded assembly
- Completed reload, in  2.225 seconds
Platform modules already initialized, skipping
========================================================================
Worker process is ready to serve import requests
Shader 'Universal Render Pipeline/Particles/Lit': fallback shader 'Universal Render Pipeline/Particles/SimpleLit' not found
Launching external process: /Applications/Unity/Hub/Editor/2020.3.7f1/Unity.app/Contents/Tools/UnityShaderCompiler
Launched and connected shader compiler UnityShaderCompiler after 0.04 seconds
Refreshing native plugins compatible for Editor in 0.68 ms, found 1 plugins.
Preloading 0 native plugins for Editor in 0.00 ms.
Unloading 2422 Unused Serialized files (Serialized files now loaded: 0)
System memory in use before: 180.2 MB.
System memory in use after: 180.4 MB.

Unloading 10 unused Assets to reduce memory usage. Loaded Objects now: 2863.
Total: 2.504448 ms (FindLiveObjects: 0.327763 ms CreateObjectMapping: 0.165677 ms MarkObjects: 1.922276 ms  DeleteObjects: 0.087426 ms)

========================================================================
Received Import Request.
  path: Assets/Bounce.physicMaterial
  artifactKey: Guid(bc24b7fc41d5dfb4698e2ca16a37dfad) Importer(815301076,1909f56bfc062723c751e8b465ee728b)
Start importing Assets/Bounce.physicMaterial using Guid(bc24b7fc41d5dfb4698e2ca16a37dfad) Importer(815301076,1909f56bfc062723c751e8b465ee728b)  -> (artifact id: 'e011b0fd221a2873da7883cb90621536') in 1.138557 seconds
  Import took 1.145234 seconds .

========================================================================
Received Import Request.
  Time since last request: 105.260088 seconds.
  path: Assets/Scenes
  artifactKey: Guid(b3d8a22b2eaae1048a5db3be5ce09cb2) Importer(815301076,1909f56bfc062723c751e8b465ee728b)
Start importing Assets/Scenes using Guid(b3d8a22b2eaae1048a5db3be5ce09cb2) Importer(815301076,1909f56bfc062723c751e8b465ee728b)  -> (artifact id: 'c2436d515bf46b218cc8ff835d26ba5b') in 0.001640 seconds
  Import took 0.008547 seconds .

========================================================================
Received Import Request.
  Time since last request: 0.026173 seconds.
  path: Assets/Scenes
  artifactKey: Guid(b3d8a22b2eaae1048a5db3be5ce09cb2) Importer(815301076,1909f56bfc062723c751e8b465ee728b)
Start importing Assets/Scenes using Guid(b3d8a22b2eaae1048a5db3be5ce09cb2) Importer(815301076,1909f56bfc062723c751e8b465ee728b)  -> (artifact id: 'c2436d515bf46b218cc8ff835d26ba5b') in 0.001017 seconds
  Import took 0.006887 seconds .

========================================================================
Received Import Request.
  Time since last request: 1.055689 seconds.
  path: Assets/Scenes/main.unity
  artifactKey: Guid(78a510c781f19db4da14f78ebb30946a) Importer(815301076,1909f56bfc062723c751e8b465ee728b)
Start importing Assets/Scenes/main.unity using Guid(78a510c781f19db4da14f78ebb30946a) Importer(815301076,1909f56bfc062723c751e8b465ee728b)  -> (artifact id: '307897d572d1294bacce094e45c1f3f0') in 0.002024 seconds
  Import took 0.010380 seconds .

========================================================================
Received Prepare
Registering precompiled user dll's ...
Registered in 0.004391 seconds.
Begin MonoManager ReloadAssembly
Native extension for OSXStandalone target not found
Native extension for WebGL target not found
Refreshing native plugins compatible for Editor in 0.51 ms, found 1 plugins.
Preloading 0 native plugins for Editor in 0.00 ms.
Mono: successfully reloaded assembly
- Completed reload, in  1.382 seconds
Platform modules already initialized, skipping
Shader 'Universal Render Pipeline/Particles/Lit': fallback shader 'Universal Render Pipeline/Particles/SimpleLit' not found
Refreshing native plugins compatible for Editor in 0.48 ms, found 1 plugins.
Preloading 0 native plugins for Editor in 0.00 ms.
Unloading 2313 Unused Serialized files (Serialized files now loaded: 0)
System memory in use before: 177.9 MB.
System memory in use after: 178.1 MB.

Unloading 5 unused Assets to reduce memory usage. Loaded Objects now: 2866.
Total: 3.158485 ms (FindLiveObjects: 0.543089 ms CreateObjectMapping: 0.234953 ms MarkObjects: 2.341442 ms  DeleteObjects: 0.036541 ms)

========================================================================
Received Import Request.
  Time since last request: 370.883604 seconds.
  path: Assets/Scenes/Menu.unity
  artifactKey: Guid(fc7acf10366094d459e900e52ee580b5) Importer(815301076,1909f56bfc062723c751e8b465ee728b)
Start importing Assets/Scenes/Menu.unity using Guid(fc7acf10366094d459e900e52ee580b5) Importer(815301076,1909f56bfc062723c751e8b465ee728b)  -> (artifact id: 'd0e33201f632fd71b4fea923e2adc49f') in 0.030370 seconds
  Import took 0.039188 seconds .

========================================================================
Received Import Request.
  Time since last request: 339.552070 seconds.
  path: Assets/Scripts
  artifactKey: Guid(02a3527b6b33a924e8ec66aa805ea717) Importer(815301076,1909f56bfc062723c751e8b465ee728b)
Start importing Assets/Scripts using Guid(02a3527b6b33a924e8ec66aa805ea717) Importer(815301076,1909f56bfc062723c751e8b465ee728b)  -> (artifact id: 'b344c0b82b8aa901179a7864745fc067') in 0.004109 seconds
  Import took 0.016982 seconds .

========================================================================
Received Import Request.
  Time since last request: 9.401613 seconds.
  path: Assets/Scripts/MenuManager.cs
  artifactKey: Guid(f78721544d2a240609cd89bbb0171a79) Importer(815301076,1909f56bfc062723c751e8b465ee728b)
Start importing Assets/Scripts/MenuManager.cs using Guid(f78721544d2a240609cd89bbb0171a79) Importer(815301076,1909f56bfc062723c751e8b465ee728b)  -> (artifact id: 'dbf6d960439933cd302e36d6092ed567') in 0.860174 seconds
  Import took 0.867629 seconds .

========================================================================
Received Prepare
Registering precompiled user dll's ...
Registered in 0.001443 seconds.
Begin MonoManager ReloadAssembly
Native extension for OSXStandalone target not found
Native extension for WebGL target not found
Refreshing native plugins compatible for Editor in 0.49 ms, found 1 plugins.
Preloading 0 native plugins for Editor in 0.00 ms.
Mono: successfully reloaded assembly
- Completed reload, in  2.051 seconds
Platform modules already initialized, skipping
Shader 'Universal Render Pipeline/Particles/Lit': fallback shader 'Universal Render Pipeline/Particles/SimpleLit' not found
Refreshing native plugins compatible for Editor in 0.69 ms, found 1 plugins.
Preloading 0 native plugins for Editor in 0.00 ms.
Unloading 2314 Unused Serialized files (Serialized files now loaded: 0)
System memory in use before: 182.5 MB.
System memory in use after: 182.7 MB.

Unloading 5 unused Assets to reduce memory usage. Loaded Objects now: 2870.
Total: 2.729563 ms (FindLiveObjects: 0.364250 ms CreateObjectMapping: 0.119404 ms MarkObjects: 2.204897 ms  DeleteObjects: 0.038860 ms)

========================================================================
Received Import Request.
  Time since last request: 48.901397 seconds.
  path: Assets/Scripts/MenuManager.cs
  artifactKey: Guid(f78721544d2a240609cd89bbb0171a79) Importer(815301076,1909f56bfc062723c751e8b465ee728b)
Start importing Assets/Scripts/MenuManager.cs using Guid(f78721544d2a240609cd89bbb0171a79) Importer(815301076,1909f56bfc062723c751e8b465ee728b)  -> (artifact id: '67d7a3149c74a1b13189418ff920c32e') in 0.021037 seconds
  Import took 0.028200 seconds .

========================================================================
Received Prepare
Registering precompiled user dll's ...
Registered in 0.000974 seconds.
Begin MonoManager ReloadAssembly
Native extension for OSXStandalone target not found
Native extension for WebGL target not found
Refreshing native plugins compatible for Editor in 0.46 ms, found 1 plugins.
Preloading 0 native plugins for Editor in 0.00 ms.
Mono: successfully reloaded assembly
- Completed reload, in  1.315 seconds
Platform modules already initialized, skipping
Shader 'Universal Render Pipeline/Particles/Lit': fallback shader 'Universal Render Pipeline/Particles/SimpleLit' not found
Refreshing native plugins compatible for Editor in 0.60 ms, found 1 plugins.
Preloading 0 native plugins for Editor in 0.00 ms.
Unloading 2314 Unused Serialized files (Serialized files now loaded: 0)
System memory in use before: 182.8 MB.
System memory in use after: 183.0 MB.

Unloading 5 unused Assets to reduce memory usage. Loaded Objects now: 2873.
Total: 2.953377 ms (FindLiveObjects: 0.378496 ms CreateObjectMapping: 0.137545 ms MarkObjects: 2.414038 ms  DeleteObjects: 0.020792 ms)

========================================================================
Received Import Request.
  Time since last request: 50.223505 seconds.
  path: Assets/Scenes/Menu.unity
  artifactKey: Guid(fc7acf10366094d459e900e52ee580b5) Importer(815301076,1909f56bfc062723c751e8b465ee728b)
Start importing Assets/Scenes/Menu.unity using Guid(fc7acf10366094d459e900e52ee580b5) Importer(815301076,1909f56bfc062723c751e8b465ee728b)  -> (artifact id: '643bd062b64bf21afa4493688258f1ef') in 0.029152 seconds
  Import took 0.037454 seconds .

========================================================================
Received Import Request.
  Time since last request: 136.707465 seconds.
  path: Assets/Scripts/MainManager.cs
  artifactKey: Guid(d110623a642692246a42fbc2d8d89884) Importer(815301076,1909f56bfc062723c751e8b465ee728b)
Start importing Assets/Scripts/MainManager.cs using Guid(d110623a642692246a42fbc2d8d89884) Importer(815301076,1909f56bfc062723c751e8b465ee728b)  -> (artifact id: 'c840ff90a468c841c11efe49801efa9b') in 0.005883 seconds
  Import took 0.011248 seconds .

========================================================================
Received Import Request.
  Time since last request: 0.004067 seconds.
  path: Assets/Scripts/MainManager.cs
  artifactKey: Guid(d110623a642692246a42fbc2d8d89884) Importer(815301076,1909f56bfc062723c751e8b465ee728b)
Start importing Assets/Scripts/MainManager.cs using Guid(d110623a642692246a42fbc2d8d89884) Importer(815301076,1909f56bfc062723c751e8b465ee728b)  -> (artifact id: 'c840ff90a468c841c11efe49801efa9b') in 0.006569 seconds
  Import took 0.018143 seconds .

========================================================================
Received Prepare
Registering precompiled user dll's ...
Registered in 0.003629 seconds.
Begin MonoManager ReloadAssembly
Native extension for OSXStandalone target not found
Native extension for WebGL target not found
Refreshing native plugins compatible for Editor in 0.58 ms, found 1 plugins.
Preloading 0 native plugins for Editor in 0.00 ms.
Mono: successfully reloaded assembly
- Completed reload, in  1.633 seconds
Platform modules already initialized, skipping
Shader 'Universal Render Pipeline/Particles/Lit': fallback shader 'Universal Render Pipeline/Particles/SimpleLit' not found
Refreshing native plugins compatible for Editor in 0.64 ms, found 1 plugins.
Preloading 0 native plugins for Editor in 0.00 ms.
Unloading 2314 Unused Serialized files (Serialized files now loaded: 0)
System memory in use before: 183.1 MB.
System memory in use after: 183.3 MB.

Unloading 5 unused Assets to reduce memory usage. Loaded Objects now: 2876.
Total: 3.863102 ms (FindLiveObjects: 0.681277 ms CreateObjectMapping: 0.309403 ms MarkObjects: 2.841661 ms  DeleteObjects: 0.027116 ms)

========================================================================
Received Import Request.
  Time since last request: 31.846713 seconds.
  path: Assets/Scenes/Menu.unity
  artifactKey: Guid(fc7acf10366094d459e900e52ee580b5) Importer(815301076,1909f56bfc062723c751e8b465ee728b)
Start importing Assets/Scenes/Menu.unity using Guid(fc7acf10366094d459e900e52ee580b5) Importer(815301076,1909f56bfc062723c751e8b465ee728b)  -> (artifact id: '6353abe01eb6b161f85af3e5656cd5b6') in 0.037206 seconds
  Import took 0.046073 seconds .

========================================================================
Received Import Request.
  Time since last request: 36.212942 seconds.
  path: Assets/Scripts/ScoreManager.cs
  artifactKey: Guid(41f35c9ca470c4f86a7548d873ec83fb) Importer(815301076,1909f56bfc062723c751e8b465ee728b)
Start importing Assets/Scripts/ScoreManager.cs using Guid(41f35c9ca470c4f86a7548d873ec83fb) Importer(815301076,1909f56bfc062723c751e8b465ee728b)  -> (artifact id: '1358889b2ec449672576584188e5bc8c') in 0.008737 seconds
  Import took 0.016255 seconds .

========================================================================
Received Prepare
Registering precompiled user dll's ...
Registered in 0.000905 seconds.
Begin MonoManager ReloadAssembly
Native extension for OSXStandalone target not found
Native extension for WebGL target not found
Refreshing native plugins compatible for Editor in 0.50 ms, found 1 plugins.
Preloading 0 native plugins for Editor in 0.00 ms.
Mono: successfully reloaded assembly
- Completed reload, in  1.249 seconds
Platform modules already initialized, skipping
Shader 'Universal Render Pipeline/Particles/Lit': fallback shader 'Universal Render Pipeline/Particles/SimpleLit' not found
Refreshing native plugins compatible for Editor in 0.45 ms, found 1 plugins.
Preloading 0 native plugins for Editor in 0.00 ms.
Unloading 2315 Unused Serialized files (Serialized files now loaded: 0)
System memory in use before: 183.3 MB.
System memory in use after: 183.5 MB.

Unloading 5 unused Assets to reduce memory usage. Loaded Objects now: 2880.
Total: 3.476215 ms (FindLiveObjects: 0.655268 ms CreateObjectMapping: 0.413564 ms MarkObjects: 2.349510 ms  DeleteObjects: 0.053128 ms)

========================================================================
Received Import Request.
  Time since last request: 43.584771 seconds.
  path: Assets/Scripts/ScoreManager.cs
  artifactKey: Guid(41f35c9ca470c4f86a7548d873ec83fb) Importer(815301076,1909f56bfc062723c751e8b465ee728b)
Start importing Assets/Scripts/ScoreManager.cs using Guid(41f35c9ca470c4f86a7548d873ec83fb) Importer(815301076,1909f56bfc062723c751e8b465ee728b)  -> (artifact id: '0a9dc4b1a3774d02877f5c49c893cead') in 0.017634 seconds
  Import took 0.027246 seconds .

========================================================================
Received Prepare
Registering precompiled user dll's ...
Registered in 0.001013 seconds.
Begin MonoManager ReloadAssembly
Native extension for OSXStandalone target not found
Native extension for WebGL target not found
Refreshing native plugins compatible for Editor in 0.46 ms, found 1 plugins.
Preloading 0 native plugins for Editor in 0.00 ms.
Mono: successfully reloaded assembly
- Completed reload, in  1.338 seconds
Platform modules already initialized, skipping
Shader 'Universal Render Pipeline/Particles/Lit': fallback shader 'Universal Render Pipeline/Particles/SimpleLit' not found
Refreshing native plugins compatible for Editor in 0.44 ms, found 1 plugins.
Preloading 0 native plugins for Editor in 0.00 ms.
Unloading 2315 Unused Serialized files (Serialized files now loaded: 0)
System memory in use before: 183.7 MB.
System memory in use after: 183.9 MB.

Unloading 5 unused Assets to reduce memory usage. Loaded Objects now: 2883.
Total: 2.437553 ms (FindLiveObjects: 0.283249 ms CreateObjectMapping: 0.107029 ms MarkObjects: 2.023500 ms  DeleteObjects: 0.020793 ms)

========================================================================
Received Import Request.
  Time since last request: 16.584857 seconds.
  path: Assets/Scripts/ScoreManager.cs
  artifactKey: Guid(41f35c9ca470c4f86a7548d873ec83fb) Importer(815301076,1909f56bfc062723c751e8b465ee728b)
Start importing Assets/Scripts/ScoreManager.cs using Guid(41f35c9ca470c4f86a7548d873ec83fb) Importer(815301076,1909f56bfc062723c751e8b465ee728b)  -> (artifact id: '060cd89122003c40406b0d18fe33987c') in 0.018609 seconds
  Import took 0.025831 seconds .

========================================================================
Received Prepare
Registering precompiled user dll's ...
Registered in 0.000993 seconds.
Begin MonoManager ReloadAssembly
Native extension for OSXStandalone target not found
Native extension for WebGL target not found
Refreshing native plugins compatible for Editor in 0.49 ms, found 1 plugins.
Preloading 0 native plugins for Editor in 0.00 ms.
Mono: successfully reloaded assembly
- Completed reload, in  1.303 seconds
Platform modules already initialized, skipping
Shader 'Universal Render Pipeline/Particles/Lit': fallback shader 'Universal Render Pipeline/Particles/SimpleLit' not found
Refreshing native plugins compatible for Editor in 0.42 ms, found 1 plugins.
Preloading 0 native plugins for Editor in 0.00 ms.
Unloading 2315 Unused Serialized files (Serialized files now loaded: 0)
System memory in use before: 184.0 MB.
System memory in use after: 184.2 MB.

Unloading 5 unused Assets to reduce memory usage. Loaded Objects now: 2886.
Total: 4.488881 ms (FindLiveObjects: 0.427854 ms CreateObjectMapping: 0.221737 ms MarkObjects: 3.809083 ms  DeleteObjects: 0.025008 ms)

========================================================================
Received Import Request.
  Time since last request: 221.983821 seconds.
  path: Assets/Scripts/ScoreManager.cs
  artifactKey: Guid(41f35c9ca470c4f86a7548d873ec83fb) Importer(815301076,1909f56bfc062723c751e8b465ee728b)
Start importing Assets/Scripts/ScoreManager.cs using Guid(41f35c9ca470c4f86a7548d873ec83fb) Importer(815301076,1909f56bfc062723c751e8b465ee728b)  -> (artifact id: '3f29e3559de3b08186f82b0d516f751e') in 0.177107 seconds
  Import took 0.191545 seconds .

========================================================================
Received Prepare
Registering precompiled user dll's ...
Registered in 0.000895 seconds.
Begin MonoManager ReloadAssembly
Native extension for OSXStandalone target not found
Native extension for WebGL target not found
Refreshing native plugins compatible for Editor in 0.43 ms, found 1 plugins.
Preloading 0 native plugins for Editor in 0.00 ms.
Mono: successfully reloaded assembly
- Completed reload, in  1.280 seconds
Platform modules already initialized, skipping
Shader 'Universal Render Pipeline/Particles/Lit': fallback shader 'Universal Render Pipeline/Particles/SimpleLit' not found
Refreshing native plugins compatible for Editor in 0.43 ms, found 1 plugins.
Preloading 0 native plugins for Editor in 0.00 ms.
Unloading 2315 Unused Serialized files (Serialized files now loaded: 0)
System memory in use before: 184.2 MB.
System memory in use after: 184.5 MB.

Unloading 5 unused Assets to reduce memory usage. Loaded Objects now: 2889.
Total: 4.346514 ms (FindLiveObjects: 0.699100 ms CreateObjectMapping: 0.257161 ms MarkObjects: 3.359172 ms  DeleteObjects: 0.028284 ms)

========================================================================
Received Import Request.
  Time since last request: 22.022520 seconds.
  path: Assets/Scripts/ScoreManager.cs
  artifactKey: Guid(41f35c9ca470c4f86a7548d873ec83fb) Importer(815301076,1909f56bfc062723c751e8b465ee728b)
Start importing Assets/Scripts/ScoreManager.cs using Guid(41f35c9ca470c4f86a7548d873ec83fb) Importer(815301076,1909f56bfc062723c751e8b465ee728b)  -> (artifact id: 'f61c7ed09f42e6ed8075bfe3bd417da2') in 0.021188 seconds
  Import took 0.030119 seconds .

========================================================================
Received Prepare
Registering precompiled user dll's ...
Registered in 0.001999 seconds.
Begin MonoManager ReloadAssembly
Native extension for OSXStandalone target not found
Native extension for WebGL target not found
Refreshing native plugins compatible for Editor in 0.62 ms, found 1 plugins.
Preloading 0 native plugins for Editor in 0.00 ms.
Mono: successfully reloaded assembly
- Completed reload, in  1.448 seconds
Platform modules already initialized, skipping
Shader 'Universal Render Pipeline/Particles/Lit': fallback shader 'Universal Render Pipeline/Particles/SimpleLit' not found
Refreshing native plugins compatible for Editor in 0.50 ms, found 1 plugins.
Preloading 0 native plugins for Editor in 0.00 ms.
Unloading 2315 Unused Serialized files (Serialized files now loaded: 0)
System memory in use before: 184.5 MB.
System memory in use after: 184.7 MB.

Unloading 5 unused Assets to reduce memory usage. Loaded Objects now: 2892.
Total: 2.823622 ms (FindLiveObjects: 0.383718 ms CreateObjectMapping: 0.140272 ms MarkObjects: 2.276590 ms  DeleteObjects: 0.021087 ms)

========================================================================
Received Import Request.
  Time since last request: 72.136310 seconds.
  path: Assets/Scripts/ScoreManager.cs
  artifactKey: Guid(41f35c9ca470c4f86a7548d873ec83fb) Importer(815301076,1909f56bfc062723c751e8b465ee728b)
Start importing Assets/Scripts/ScoreManager.cs using Guid(41f35c9ca470c4f86a7548d873ec83fb) Importer(815301076,1909f56bfc062723c751e8b465ee728b)  -> (artifact id: '8eb40c5bab3a91a88338bc9a1cb52e15') in 0.068477 seconds
  Import took 0.080892 seconds .

========================================================================
Received Prepare
Registering precompiled user dll's ...
Registered in 0.000907 seconds.
Begin MonoManager ReloadAssembly
Native extension for OSXStandalone target not found
Native extension for WebGL target not found
Refreshing native plugins compatible for Editor in 0.57 ms, found 1 plugins.
Preloading 0 native plugins for Editor in 0.00 ms.
Mono: successfully reloaded assembly
- Completed reload, in  1.617 seconds
Platform modules already initialized, skipping
Shader 'Universal Render Pipeline/Particles/Lit': fallback shader 'Universal Render Pipeline/Particles/SimpleLit' not found
Refreshing native plugins compatible for Editor in 0.53 ms, found 1 plugins.
Preloading 0 native plugins for Editor in 0.00 ms.
Unloading 2315 Unused Serialized files (Serialized files now loaded: 0)
System memory in use before: 184.7 MB.
System memory in use after: 184.9 MB.

Unloading 5 unused Assets to reduce memory usage. Loaded Objects now: 2895.
Total: 4.598285 ms (FindLiveObjects: 0.619693 ms CreateObjectMapping: 0.313926 ms MarkObjects: 3.615963 ms  DeleteObjects: 0.045045 ms)

========================================================================
Received Import Request.
  Time since last request: 208.367211 seconds.
  path: Assets/Scripts/ScoreManager.cs
  artifactKey: Guid(41f35c9ca470c4f86a7548d873ec83fb) Importer(815301076,1909f56bfc062723c751e8b465ee728b)
Start importing Assets/Scripts/ScoreManager.cs using Guid(41f35c9ca470c4f86a7548d873ec83fb) Importer(815301076,1909f56bfc062723c751e8b465ee728b)  -> (artifact id: '25b951c48c675441bd68765675b752d8') in 0.100443 seconds
  Import took 0.111614 seconds .

========================================================================
Received Prepare
Registering precompiled user dll's ...
Registered in 0.000830 seconds.
Begin MonoManager ReloadAssembly
Native extension for OSXStandalone target not found
Native extension for WebGL target not found
Refreshing native plugins compatible for Editor in 0.51 ms, found 1 plugins.
Preloading 0 native plugins for Editor in 0.00 ms.
Mono: successfully reloaded assembly
- Completed reload, in  1.763 seconds
Platform modules already initialized, skipping
Shader 'Universal Render Pipeline/Particles/Lit': fallback shader 'Universal Render Pipeline/Particles/SimpleLit' not found
Refreshing native plugins compatible for Editor in 0.69 ms, found 1 plugins.
Preloading 0 native plugins for Editor in 0.00 ms.
Unloading 2315 Unused Serialized files (Serialized files now loaded: 0)
System memory in use before: 185.1 MB.
System memory in use after: 185.3 MB.

Unloading 5 unused Assets to reduce memory usage. Loaded Objects now: 2898.
Total: 2.314902 ms (FindLiveObjects: 0.279215 ms CreateObjectMapping: 0.107842 ms MarkObjects: 1.905422 ms  DeleteObjects: 0.020717 ms)

========================================================================
Received Import Request.
  Time since last request: 9.425927 seconds.
  path: Assets/Scripts/ScoreManager.cs
  artifactKey: Guid(41f35c9ca470c4f86a7548d873ec83fb) Importer(815301076,1909f56bfc062723c751e8b465ee728b)
Start importing Assets/Scripts/ScoreManager.cs using Guid(41f35c9ca470c4f86a7548d873ec83fb) Importer(815301076,1909f56bfc062723c751e8b465ee728b)  -> (artifact id: '728f96344ba55243b86310b24af2f0f9') in 0.008607 seconds
  Import took 0.012768 seconds .

========================================================================
Received Prepare
Registering precompiled user dll's ...
Registered in 0.001048 seconds.
Begin MonoManager ReloadAssembly
Native extension for OSXStandalone target not found
Native extension for WebGL target not found
Refreshing native plugins compatible for Editor in 0.48 ms, found 1 plugins.
Preloading 0 native plugins for Editor in 0.00 ms.
Mono: successfully reloaded assembly
- Completed reload, in  1.531 seconds
Platform modules already initialized, skipping
Shader 'Universal Render Pipeline/Particles/Lit': fallback shader 'Universal Render Pipeline/Particles/SimpleLit' not found
Refreshing native plugins compatible for Editor in 0.50 ms, found 1 plugins.
Preloading 0 native plugins for Editor in 0.00 ms.
Unloading 2315 Unused Serialized files (Serialized files now loaded: 0)
System memory in use before: 185.4 MB.
System memory in use after: 185.6 MB.

Unloading 5 unused Assets to reduce memory usage. Loaded Objects now: 2901.
Total: 3.304788 ms (FindLiveObjects: 0.590069 ms CreateObjectMapping: 0.204950 ms MarkObjects: 2.459476 ms  DeleteObjects: 0.047706 ms)

========================================================================
Received Import Request.
  Time since last request: 133.959673 seconds.
  path: Assets/Scripts/ScoreManager.cs
  artifactKey: Guid(41f35c9ca470c4f86a7548d873ec83fb) Importer(815301076,1909f56bfc062723c751e8b465ee728b)
Start importing Assets/Scripts/ScoreManager.cs using Guid(41f35c9ca470c4f86a7548d873ec83fb) Importer(815301076,1909f56bfc062723c751e8b465ee728b)  -> (artifact id: 'e397f585bf32e5c95924b01171b4e19c') in 0.017043 seconds
  Import took 0.025037 seconds .

========================================================================
Received Prepare
Registering precompiled user dll's ...
Registered in 0.000946 seconds.
Begin MonoManager ReloadAssembly
Native extension for OSXStandalone target not found
Native extension for WebGL target not found
Refreshing native plugins compatible for Editor in 0.47 ms, found 1 plugins.
Preloading 0 native plugins for Editor in 0.00 ms.
Mono: successfully reloaded assembly
- Completed reload, in  1.327 seconds
Platform modules already initialized, skipping
Shader 'Universal Render Pipeline/Particles/Lit': fallback shader 'Universal Render Pipeline/Particles/SimpleLit' not found
Refreshing native plugins compatible for Editor in 0.48 ms, found 1 plugins.
Preloading 0 native plugins for Editor in 0.00 ms.
Unloading 2315 Unused Serialized files (Serialized files now loaded: 0)
System memory in use before: 185.7 MB.
System memory in use after: 185.8 MB.

Unloading 5 unused Assets to reduce memory usage. Loaded Objects now: 2904.
Total: 3.947689 ms (FindLiveObjects: 0.514466 ms CreateObjectMapping: 0.193313 ms MarkObjects: 3.202674 ms  DeleteObjects: 0.024813 ms)

========================================================================
Received Import Request.
  Time since last request: 181.069593 seconds.
  path: Assets/Scripts/ScoreManager.cs
  artifactKey: Guid(41f35c9ca470c4f86a7548d873ec83fb) Importer(815301076,1909f56bfc062723c751e8b465ee728b)
Start importing Assets/Scripts/ScoreManager.cs using Guid(41f35c9ca470c4f86a7548d873ec83fb) Importer(815301076,1909f56bfc062723c751e8b465ee728b)  -> (artifact id: '21c43e75aeef573ca2877aad42d0c135') in 0.197729 seconds
  Import took 0.298283 seconds .

========================================================================
Received Prepare
Registering precompiled user dll's ...
Registered in 0.000907 seconds.
Begin MonoManager ReloadAssembly
Native extension for OSXStandalone target not found
Native extension for WebGL target not found
Refreshing native plugins compatible for Editor in 0.52 ms, found 1 plugins.
Preloading 0 native plugins for Editor in 0.00 ms.
Mono: successfully reloaded assembly
- Completed reload, in  1.419 seconds
Platform modules already initialized, skipping
Shader 'Universal Render Pipeline/Particles/Lit': fallback shader 'Universal Render Pipeline/Particles/SimpleLit' not found
Refreshing native plugins compatible for Editor in 0.45 ms, found 1 plugins.
Preloading 0 native plugins for Editor in 0.00 ms.
Unloading 2315 Unused Serialized files (Serialized files now loaded: 0)
System memory in use before: 185.9 MB.
System memory in use after: 186.1 MB.

Unloading 5 unused Assets to reduce memory usage. Loaded Objects now: 2907.
Total: 2.983600 ms (FindLiveObjects: 0.542925 ms CreateObjectMapping: 0.241248 ms MarkObjects: 2.147725 ms  DeleteObjects: 0.049645 ms)

========================================================================
Received Import Request.
  Time since last request: 1538.762078 seconds.
  path: Assets/Scripts/InputFieldScripy.cs
  artifactKey: Guid(ad858201e70d649709d31dc4c816046b) Importer(815301076,1909f56bfc062723c751e8b465ee728b)
Start importing Assets/Scripts/InputFieldScripy.cs using Guid(ad858201e70d649709d31dc4c816046b) Importer(815301076,1909f56bfc062723c751e8b465ee728b)  -> (artifact id: '11042418d0bd347bc4838b430d3bb39f') in 0.125423 seconds
  Import took 0.208569 seconds .

========================================================================
Received Prepare
Registering precompiled user dll's ...
Registered in 0.001001 seconds.
Begin MonoManager ReloadAssembly
Native extension for OSXStandalone target not found
Native extension for WebGL target not found
Refreshing native plugins compatible for Editor in 0.46 ms, found 1 plugins.
Preloading 0 native plugins for Editor in 0.00 ms.
Mono: successfully reloaded assembly
- Completed reload, in  1.535 seconds
Platform modules already initialized, skipping
Shader 'Universal Render Pipeline/Particles/Lit': fallback shader 'Universal Render Pipeline/Particles/SimpleLit' not found
Refreshing native plugins compatible for Editor in 0.52 ms, found 1 plugins.
Preloading 0 native plugins for Editor in 0.00 ms.
Unloading 2315 Unused Serialized files (Serialized files now loaded: 0)
System memory in use before: 186.7 MB.
System memory in use after: 186.9 MB.

Unloading 5 unused Assets to reduce memory usage. Loaded Objects now: 2910.
Total: 13.984609 ms (FindLiveObjects: 1.739087 ms CreateObjectMapping: 0.285627 ms MarkObjects: 11.828366 ms  DeleteObjects: 0.127948 ms)

========================================================================
Received Import Request.
  Time since last request: 22.549300 seconds.
  path: Assets/Scripts/InputFieldScript.cs
  artifactKey: Guid(b95208dd99cc145228908fe224047855) Importer(815301076,1909f56bfc062723c751e8b465ee728b)
Start importing Assets/Scripts/InputFieldScript.cs using Guid(b95208dd99cc145228908fe224047855) Importer(815301076,1909f56bfc062723c751e8b465ee728b)  -> (artifact id: '403096b575e2bb7bad9debeadda1e0ae') in 0.010327 seconds
  Import took 0.021904 seconds .

========================================================================
Received Prepare
Registering precompiled user dll's ...
Registered in 0.000945 seconds.
Begin MonoManager ReloadAssembly
Native extension for OSXStandalone target not found
Native extension for WebGL target not found
Refreshing native plugins compatible for Editor in 0.48 ms, found 1 plugins.
Preloading 0 native plugins for Editor in 0.00 ms.
Mono: successfully reloaded assembly
- Completed reload, in  1.287 seconds
Platform modules already initialized, skipping
Shader 'Universal Render Pipeline/Particles/Lit': fallback shader 'Universal Render Pipeline/Particles/SimpleLit' not found
Refreshing native plugins compatible for Editor in 0.94 ms, found 1 plugins.
Preloading 0 native plugins for Editor in 0.00 ms.
Unloading 2316 Unused Serialized files (Serialized files now loaded: 0)
System memory in use before: 187.1 MB.
System memory in use after: 187.3 MB.

Unloading 5 unused Assets to reduce memory usage. Loaded Objects now: 2914.
Total: 3.182623 ms (FindLiveObjects: 0.659424 ms CreateObjectMapping: 0.302861 ms MarkObjects: 2.193158 ms  DeleteObjects: 0.024868 ms)

========================================================================
Received Import Request.
  Time since last request: 829.261956 seconds.
  path: Assets/Scripts/InputFieldScript.cs
  artifactKey: Guid(b95208dd99cc145228908fe224047855) Importer(815301076,1909f56bfc062723c751e8b465ee728b)
Start importing Assets/Scripts/InputFieldScript.cs using Guid(b95208dd99cc145228908fe224047855) Importer(815301076,1909f56bfc062723c751e8b465ee728b)  -> (artifact id: '24c62dd3a6e8ef6fbe9fe276a2cd5888') in 0.212992 seconds
  Import took 0.363717 seconds .

========================================================================
Received Import Request.
  Time since last request: 0.130064 seconds.
  path: Assets/Scripts/InputFieldScript.cs
  artifactKey: Guid(b95208dd99cc145228908fe224047855) Importer(815301076,1909f56bfc062723c751e8b465ee728b)
Start importing Assets/Scripts/InputFieldScript.cs using Guid(b95208dd99cc145228908fe224047855) Importer(815301076,1909f56bfc062723c751e8b465ee728b)  -> (artifact id: '24c62dd3a6e8ef6fbe9fe276a2cd5888') in 0.008524 seconds
  Import took 0.017223 seconds .

========================================================================
Received Prepare
Registering precompiled user dll's ...
Registered in 0.000940 seconds.
Begin MonoManager ReloadAssembly
Native extension for OSXStandalone target not found
Native extension for WebGL target not found
Refreshing native plugins compatible for Editor in 0.84 ms, found 1 plugins.
Preloading 0 native plugins for Editor in 0.00 ms.
Mono: successfully reloaded assembly
- Completed reload, in  1.615 seconds
Platform modules already initialized, skipping
Shader 'Universal Render Pipeline/Particles/Lit': fallback shader 'Universal Render Pipeline/Particles/SimpleLit' not found
Refreshing native plugins compatible for Editor in 0.51 ms, found 1 plugins.
Preloading 0 native plugins for Editor in 0.00 ms.
Unloading 2316 Unused Serialized files (Serialized files now loaded: 0)
System memory in use before: 187.3 MB.
System memory in use after: 187.5 MB.

Unloading 5 unused Assets to reduce memory usage. Loaded Objects now: 2917.
Total: 2.785248 ms (FindLiveObjects: 0.364963 ms CreateObjectMapping: 0.141796 ms MarkObjects: 2.215553 ms  DeleteObjects: 0.061115 ms)

========================================================================
Received Import Request.
  Time since last request: 12.517248 seconds.
  path: Assets/Scripts/InputFieldScript.cs
  artifactKey: Guid(b95208dd99cc145228908fe224047855) Importer(815301076,1909f56bfc062723c751e8b465ee728b)
Start importing Assets/Scripts/InputFieldScript.cs using Guid(b95208dd99cc145228908fe224047855) Importer(815301076,1909f56bfc062723c751e8b465ee728b)  -> (artifact id: 'e8fe833789c22661983eb00c75475f21') in 0.010228 seconds
  Import took 0.015542 seconds .

========================================================================
Received Prepare
Registering precompiled user dll's ...
Registered in 0.001079 seconds.
Begin MonoManager ReloadAssembly
Native extension for OSXStandalone target not found
Native extension for WebGL target not found
Refreshing native plugins compatible for Editor in 0.70 ms, found 1 plugins.
Preloading 0 native plugins for Editor in 0.00 ms.
Mono: successfully reloaded assembly
- Completed reload, in  1.481 seconds
Platform modules already initialized, skipping
Shader 'Universal Render Pipeline/Particles/Lit': fallback shader 'Universal Render Pipeline/Particles/SimpleLit' not found
Refreshing native plugins compatible for Editor in 0.45 ms, found 1 plugins.
Preloading 0 native plugins for Editor in 0.00 ms.
Unloading 2316 Unused Serialized files (Serialized files now loaded: 0)
System memory in use before: 187.6 MB.
System memory in use after: 187.8 MB.

Unloading 5 unused Assets to reduce memory usage. Loaded Objects now: 2920.
Total: 5.770437 ms (FindLiveObjects: 0.629060 ms CreateObjectMapping: 0.318407 ms MarkObjects: 3.679476 ms  DeleteObjects: 1.140600 ms)

========================================================================
Received Prepare
Registering precompiled user dll's ...
Registered in 0.003337 seconds.
Begin MonoManager ReloadAssembly
Native extension for OSXStandalone target not found
Native extension for WebGL target not found
Refreshing native plugins compatible for Editor in 0.55 ms, found 1 plugins.
Preloading 0 native plugins for Editor in 0.00 ms.
Mono: successfully reloaded assembly
- Completed reload, in  1.486 seconds
Platform modules already initialized, skipping
Shader 'Universal Render Pipeline/Particles/Lit': fallback shader 'Universal Render Pipeline/Particles/SimpleLit' not found
Refreshing native plugins compatible for Editor in 0.49 ms, found 1 plugins.
Preloading 0 native plugins for Editor in 0.00 ms.
Unloading 2315 Unused Serialized files (Serialized files now loaded: 0)
System memory in use before: 187.9 MB.
System memory in use after: 188.1 MB.

Unloading 6 unused Assets to reduce memory usage. Loaded Objects now: 2922.
Total: 3.754208 ms (FindLiveObjects: 0.439596 ms CreateObjectMapping: 0.338317 ms MarkObjects: 2.951925 ms  DeleteObjects: 0.022280 ms)

========================================================================
Received Prepare
Registering precompiled user dll's ...
Registered in 0.001400 seconds.
Begin MonoManager ReloadAssembly
Native extension for OSXStandalone target not found
Native extension for WebGL target not found
Refreshing native plugins compatible for Editor in 0.50 ms, found 1 plugins.
Preloading 0 native plugins for Editor in 0.00 ms.
Mono: successfully reloaded assembly
- Completed reload, in  1.713 seconds
Platform modules already initialized, skipping
Shader 'Universal Render Pipeline/Particles/Lit': fallback shader 'Universal Render Pipeline/Particles/SimpleLit' not found
Refreshing native plugins compatible for Editor in 0.57 ms, found 1 plugins.
Preloading 0 native plugins for Editor in 0.00 ms.
Unloading 2315 Unused Serialized files (Serialized files now loaded: 0)
System memory in use before: 188.1 MB.
System memory in use after: 188.2 MB.

Unloading 5 unused Assets to reduce memory usage. Loaded Objects now: 2925.
Total: 3.850071 ms (FindLiveObjects: 0.352873 ms CreateObjectMapping: 0.158556 ms MarkObjects: 2.506224 ms  DeleteObjects: 0.830209 ms)

========================================================================
Received Prepare
Registering precompiled user dll's ...
Registered in 0.000968 seconds.
Begin MonoManager ReloadAssembly
Native extension for OSXStandalone target not found
Native extension for WebGL target not found
Refreshing native plugins compatible for Editor in 0.49 ms, found 1 plugins.
Preloading 0 native plugins for Editor in 0.00 ms.
Mono: successfully reloaded assembly
- Completed reload, in  1.263 seconds
Platform modules already initialized, skipping
Shader 'Universal Render Pipeline/Particles/Lit': fallback shader 'Universal Render Pipeline/Particles/SimpleLit' not found
Refreshing native plugins compatible for Editor in 0.49 ms, found 1 plugins.
Preloading 0 native plugins for Editor in 0.00 ms.
Unloading 2315 Unused Serialized files (Serialized files now loaded: 0)
System memory in use before: 188.4 MB.
System memory in use after: 188.6 MB.

Unloading 5 unused Assets to reduce memory usage. Loaded Objects now: 2928.
Total: 5.523784 ms (FindLiveObjects: 0.646855 ms CreateObjectMapping: 0.324927 ms MarkObjects: 3.584415 ms  DeleteObjects: 0.964747 ms)

========================================================================
Received Import Request.
  Time since last request: 775.152363 seconds.
  path: Assets/Scenes/Menu.unity
  artifactKey: Guid(fc7acf10366094d459e900e52ee580b5) Importer(815301076,1909f56bfc062723c751e8b465ee728b)
Start importing Assets/Scenes/Menu.unity using Guid(fc7acf10366094d459e900e52ee580b5) Importer(815301076,1909f56bfc062723c751e8b465ee728b)  -> (artifact id: 'e3b099984500273bae9a07d07bc28541') in 0.035360 seconds
  Import took 0.044020 seconds .

========================================================================
Received Import Request.
  Time since last request: 327.723407 seconds.
  path: Assets/Scenes/Menu.unity
  artifactKey: Guid(fc7acf10366094d459e900e52ee580b5) Importer(815301076,1909f56bfc062723c751e8b465ee728b)
Start importing Assets/Scenes/Menu.unity using Guid(fc7acf10366094d459e900e52ee580b5) Importer(815301076,1909f56bfc062723c751e8b465ee728b)  -> (artifact id: '35a9ddb9138e630a79966cd3667381ad') in 0.047276 seconds
  Import took 0.063454 seconds .

========================================================================
Received Prepare
Registering precompiled user dll's ...
Registered in 0.000912 seconds.
Begin MonoManager ReloadAssembly
Native extension for OSXStandalone target not found
Native extension for WebGL target not found
Refreshing native plugins compatible for Editor in 0.56 ms, found 1 plugins.
Preloading 0 native plugins for Editor in 0.00 ms.
Mono: successfully reloaded assembly
- Completed reload, in  1.258 seconds
Platform modules already initialized, skipping
Shader 'Universal Render Pipeline/Particles/Lit': fallback shader 'Universal Render Pipeline/Particles/SimpleLit' not found
Refreshing native plugins compatible for Editor in 0.58 ms, found 1 plugins.
Preloading 0 native plugins for Editor in 0.00 ms.
Unloading 2315 Unused Serialized files (Serialized files now loaded: 0)
System memory in use before: 188.7 MB.
System memory in use after: 188.9 MB.

Unloading 5 unused Assets to reduce memory usage. Loaded Objects now: 2931.
Total: 3.461733 ms (FindLiveObjects: 0.733413 ms CreateObjectMapping: 0.194357 ms MarkObjects: 2.464332 ms  DeleteObjects: 0.063392 ms)

========================================================================
Received Prepare
Registering precompiled user dll's ...
Registered in 0.002442 seconds.
Begin MonoManager ReloadAssembly
Native extension for OSXStandalone target not found
Native extension for WebGL target not found
Refreshing native plugins compatible for Editor in 0.49 ms, found 1 plugins.
Preloading 0 native plugins for Editor in 0.00 ms.
Mono: successfully reloaded assembly
- Completed reload, in  1.488 seconds
Platform modules already initialized, skipping
Shader 'Universal Render Pipeline/Particles/Lit': fallback shader 'Universal Render Pipeline/Particles/SimpleLit' not found
Refreshing native plugins compatible for Editor in 0.88 ms, found 1 plugins.
Preloading 0 native plugins for Editor in 0.00 ms.
Unloading 2315 Unused Serialized files (Serialized files now loaded: 0)
System memory in use before: 189.0 MB.
System memory in use after: 189.2 MB.

Unloading 5 unused Assets to reduce memory usage. Loaded Objects now: 2934.
Total: 3.156748 ms (FindLiveObjects: 0.597849 ms CreateObjectMapping: 0.251614 ms MarkObjects: 2.285658 ms  DeleteObjects: 0.019462 ms)

========================================================================
Received Prepare
Registering precompiled user dll's ...
Registered in 0.001045 seconds.
Begin MonoManager ReloadAssembly
Native extension for OSXStandalone target not found
Native extension for WebGL target not found
Refreshing native plugins compatible for Editor in 0.54 ms, found 1 plugins.
Preloading 0 native plugins for Editor in 0.00 ms.
Mono: successfully reloaded assembly
- Completed reload, in  1.261 seconds
Platform modules already initialized, skipping
Shader 'Universal Render Pipeline/Particles/Lit': fallback shader 'Universal Render Pipeline/Particles/SimpleLit' not found
Refreshing native plugins compatible for Editor in 0.55 ms, found 1 plugins.
Preloading 0 native plugins for Editor in 0.00 ms.
Unloading 2315 Unused Serialized files (Serialized files now loaded: 0)
System memory in use before: 189.3 MB.
System memory in use after: 189.5 MB.

Unloading 5 unused Assets to reduce memory usage. Loaded Objects now: 2937.
Total: 4.368546 ms (FindLiveObjects: 0.741706 ms CreateObjectMapping: 0.316643 ms MarkObjects: 3.253674 ms  DeleteObjects: 0.054019 ms)

========================================================================
Received Prepare
Registering precompiled user dll's ...
Registered in 0.000944 seconds.
Begin MonoManager ReloadAssembly
Native extension for OSXStandalone target not found
Native extension for WebGL target not found
Refreshing native plugins compatible for Editor in 0.44 ms, found 1 plugins.
Preloading 0 native plugins for Editor in 0.00 ms.
Mono: successfully reloaded assembly
- Completed reload, in  1.365 seconds
Platform modules already initialized, skipping
Shader 'Universal Render Pipeline/Particles/Lit': fallback shader 'Universal Render Pipeline/Particles/SimpleLit' not found
Refreshing native plugins compatible for Editor in 0.56 ms, found 1 plugins.
Preloading 0 native plugins for Editor in 0.00 ms.
Unloading 2315 Unused Serialized files (Serialized files now loaded: 0)
System memory in use before: 189.5 MB.
System memory in use after: 189.7 MB.

Unloading 5 unused Assets to reduce memory usage. Loaded Objects now: 2940.
Total: 4.758503 ms (FindLiveObjects: 0.674212 ms CreateObjectMapping: 0.281550 ms MarkObjects: 3.735592 ms  DeleteObjects: 0.060912 ms)

========================================================================
Received Import Request.
  Time since last request: 1167.292883 seconds.
  path: Assets/Scenes/Menu.unity
  artifactKey: Guid(fc7acf10366094d459e900e52ee580b5) Importer(815301076,1909f56bfc062723c751e8b465ee728b)
Start importing Assets/Scenes/Menu.unity using Guid(fc7acf10366094d459e900e52ee580b5) Importer(815301076,1909f56bfc062723c751e8b465ee728b)  -> (artifact id: 'eb5b6d5f1f63e69ef564d273ee2db014') in 0.029916 seconds
  Import took 0.037440 seconds .

========================================================================
Received Import Request.
  Time since last request: 0.007549 seconds.
  path: Assets/Scenes/Menu.unity
  artifactKey: Guid(fc7acf10366094d459e900e52ee580b5) Importer(815301076,1909f56bfc062723c751e8b465ee728b)
Start importing Assets/Scenes/Menu.unity using Guid(fc7acf10366094d459e900e52ee580b5) Importer(815301076,1909f56bfc062723c751e8b465ee728b)  -> (artifact id: 'eb5b6d5f1f63e69ef564d273ee2db014') in 0.006767 seconds
  Import took 0.013933 seconds .

========================================================================
Received Prepare
Registering precompiled user dll's ...
Registered in 0.003117 seconds.
Begin MonoManager ReloadAssembly
Native extension for OSXStandalone target not found
Native extension for WebGL target not found
Refreshing native plugins compatible for Editor in 0.44 ms, found 1 plugins.
Preloading 0 native plugins for Editor in 0.00 ms.
Mono: successfully reloaded assembly
- Completed reload, in  1.619 seconds
Platform modules already initialized, skipping
Shader 'Universal Render Pipeline/Particles/Lit': fallback shader 'Universal Render Pipeline/Particles/SimpleLit' not found
Refreshing native plugins compatible for Editor in 0.45 ms, found 1 plugins.
Preloading 0 native plugins for Editor in 0.00 ms.
Unloading 2315 Unused Serialized files (Serialized files now loaded: 0)
System memory in use before: 189.8 MB.
System memory in use after: 190.0 MB.

Unloading 5 unused Assets to reduce memory usage. Loaded Objects now: 2943.
Total: 3.852924 ms (FindLiveObjects: 1.000916 ms CreateObjectMapping: 0.310766 ms MarkObjects: 2.447870 ms  DeleteObjects: 0.043296 ms)

========================================================================
Received Import Request.
  Time since last request: 26.706859 seconds.
  path: Assets/Scenes/main.unity
  artifactKey: Guid(78a510c781f19db4da14f78ebb30946a) Importer(815301076,1909f56bfc062723c751e8b465ee728b)
Start importing Assets/Scenes/main.unity using Guid(78a510c781f19db4da14f78ebb30946a) Importer(815301076,1909f56bfc062723c751e8b465ee728b)  -> (artifact id: '5a02dc74ed9de50fb850b1316cca0103') in 0.016642 seconds
  Import took 0.031415 seconds .

========================================================================
Received Prepare
Registering precompiled user dll's ...
Registered in 0.005036 seconds.
Begin MonoManager ReloadAssembly
Native extension for OSXStandalone target not found
Native extension for WebGL target not found
Refreshing native plugins compatible for Editor in 0.48 ms, found 1 plugins.
Preloading 0 native plugins for Editor in 0.00 ms.
Mono: successfully reloaded assembly
- Completed reload, in  1.399 seconds
Platform modules already initialized, skipping
Shader 'Universal Render Pipeline/Particles/Lit': fallback shader 'Universal Render Pipeline/Particles/SimpleLit' not found
Refreshing native plugins compatible for Editor in 0.81 ms, found 1 plugins.
Preloading 0 native plugins for Editor in 0.00 ms.
Unloading 2315 Unused Serialized files (Serialized files now loaded: 0)
System memory in use before: 190.1 MB.
System memory in use after: 190.3 MB.

Unloading 5 unused Assets to reduce memory usage. Loaded Objects now: 2946.
Total: 3.807002 ms (FindLiveObjects: 0.470108 ms CreateObjectMapping: 0.150755 ms MarkObjects: 3.160703 ms  DeleteObjects: 0.023322 ms)

========================================================================
Received Prepare
Registering precompiled user dll's ...
Registered in 0.001270 seconds.
Begin MonoManager ReloadAssembly
Native extension for OSXStandalone target not found
Native extension for WebGL target not found
Refreshing native plugins compatible for Editor in 0.48 ms, found 1 plugins.
Preloading 0 native plugins for Editor in 0.00 ms.
Mono: successfully reloaded assembly
- Completed reload, in  1.241 seconds
Platform modules already initialized, skipping
Shader 'Universal Render Pipeline/Particles/Lit': fallback shader 'Universal Render Pipeline/Particles/SimpleLit' not found
Refreshing native plugins compatible for Editor in 0.54 ms, found 1 plugins.
Preloading 0 native plugins for Editor in 0.00 ms.
Unloading 2315 Unused Serialized files (Serialized files now loaded: 0)
System memory in use before: 190.4 MB.
System memory in use after: 190.6 MB.

Unloading 5 unused Assets to reduce memory usage. Loaded Objects now: 2949.
Total: 5.231017 ms (FindLiveObjects: 0.499164 ms CreateObjectMapping: 0.300061 ms MarkObjects: 4.375744 ms  DeleteObjects: 0.053153 ms)

========================================================================
Received Prepare
Registering precompiled user dll's ...
Registered in 0.003663 seconds.
Begin MonoManager ReloadAssembly
Native extension for OSXStandalone target not found
Native extension for WebGL target not found
Refreshing native plugins compatible for Editor in 0.93 ms, found 1 plugins.
Preloading 0 native plugins for Editor in 0.00 ms.
Mono: successfully reloaded assembly
- Completed reload, in  1.879 seconds
Platform modules already initialized, skipping
Shader 'Universal Render Pipeline/Particles/Lit': fallback shader 'Universal Render Pipeline/Particles/SimpleLit' not found
Refreshing native plugins compatible for Editor in 0.48 ms, found 1 plugins.
Preloading 0 native plugins for Editor in 0.00 ms.
Unloading 2315 Unused Serialized files (Serialized files now loaded: 0)
System memory in use before: 190.7 MB.
System memory in use after: 190.9 MB.

Unloading 5 unused Assets to reduce memory usage. Loaded Objects now: 2952.
Total: 2.996567 ms (FindLiveObjects: 0.489308 ms CreateObjectMapping: 0.177082 ms MarkObjects: 2.296071 ms  DeleteObjects: 0.032861 ms)

========================================================================
Received Prepare
Registering precompiled user dll's ...
Registered in 0.000838 seconds.
Begin MonoManager ReloadAssembly
Native extension for OSXStandalone target not found
Native extension for WebGL target not found
Refreshing native plugins compatible for Editor in 0.51 ms, found 1 plugins.
Preloading 0 native plugins for Editor in 0.00 ms.
Mono: successfully reloaded assembly
- Completed reload, in  1.403 seconds
Platform modules already initialized, skipping
Shader 'Universal Render Pipeline/Particles/Lit': fallback shader 'Universal Render Pipeline/Particles/SimpleLit' not found
Refreshing native plugins compatible for Editor in 0.44 ms, found 1 plugins.
Preloading 0 native plugins for Editor in 0.00 ms.
Unloading 2315 Unused Serialized files (Serialized files now loaded: 0)
System memory in use before: 190.9 MB.
System memory in use after: 191.0 MB.

Unloading 5 unused Assets to reduce memory usage. Loaded Objects now: 2955.
Total: 5.834771 ms (FindLiveObjects: 0.599760 ms CreateObjectMapping: 0.224489 ms MarkObjects: 4.979416 ms  DeleteObjects: 0.028104 ms)

========================================================================
Received Prepare
Registering precompiled user dll's ...
Registered in 0.001003 seconds.
Begin MonoManager ReloadAssembly
Native extension for OSXStandalone target not found
Native extension for WebGL target not found
Refreshing native plugins compatible for Editor in 0.52 ms, found 1 plugins.
Preloading 0 native plugins for Editor in 0.00 ms.
Mono: successfully reloaded assembly
- Completed reload, in  1.418 seconds
Platform modules already initialized, skipping
Shader 'Universal Render Pipeline/Particles/Lit': fallback shader 'Universal Render Pipeline/Particles/SimpleLit' not found
Refreshing native plugins compatible for Editor in 0.52 ms, found 1 plugins.
Preloading 0 native plugins for Editor in 0.00 ms.
Unloading 2315 Unused Serialized files (Serialized files now loaded: 0)
System memory in use before: 191.2 MB.
System memory in use after: 191.4 MB.

Unloading 5 unused Assets to reduce memory usage. Loaded Objects now: 2958.
Total: 2.889535 ms (FindLiveObjects: 0.377205 ms CreateObjectMapping: 0.160740 ms MarkObjects: 2.310525 ms  DeleteObjects: 0.039603 ms)

========================================================================
Received Prepare
Registering precompiled user dll's ...
Registered in 0.000932 seconds.
Begin MonoManager ReloadAssembly
Native extension for OSXStandalone target not found
Native extension for WebGL target not found
Refreshing native plugins compatible for Editor in 0.57 ms, found 1 plugins.
Preloading 0 native plugins for Editor in 0.00 ms.
Mono: successfully reloaded assembly
- Completed reload, in  1.502 seconds
Platform modules already initialized, skipping
Shader 'Universal Render Pipeline/Particles/Lit': fallback shader 'Universal Render Pipeline/Particles/SimpleLit' not found
Refreshing native plugins compatible for Editor in 0.50 ms, found 1 plugins.
Preloading 0 native plugins for Editor in 0.00 ms.
Unloading 2315 Unused Serialized files (Serialized files now loaded: 0)
System memory in use before: 191.5 MB.
System memory in use after: 191.7 MB.

Unloading 5 unused Assets to reduce memory usage. Loaded Objects now: 2961.
Total: 3.103089 ms (FindLiveObjects: 0.395965 ms CreateObjectMapping: 0.179964 ms MarkObjects: 2.487068 ms  DeleteObjects: 0.038078 ms)

